<?xml version="1.0" encoding="UTF-8"?>
<!-- Generated by org.testng.reporters.JUnitXMLReporter -->
<testsuite hostname="INBGL1WLX47657" ignored="0" name="Default test" tests="3" failures="0" timestamp="05 Aug 2024 18:40:00 GMT" time="159.63" errors="0">
  <testcase name="SubmitOrder" time="14.717" classname="Nagalearning.Tests.SubmitOrder"/>
  <testcase name="SubmitOrder" time="3.287" classname="Nagalearning.Tests.SubmitOrder"/>
  <testcase name="verfiyOrderDetails" time="0.823" classname="Nagalearning.Tests.SubmitOrder"/>
</testsuite> <!-- Default test -->
