<?xml version="1.0" encoding="UTF-8"?>
<!-- Generated by org.testng.reporters.JUnitXMLReporter -->
<testsuite hostname="INBGL1WLX47657" ignored="0" name="errorvalidation" tests="2" failures="1" timestamp="16 Aug 2024 14:05:28 GMT" time="155.305" errors="0">
  <testcase name="loginErrorValidation" time="1.445" classname="Nagalearning.Tests.Errorvalidation">
    <failure type="java.lang.AssertionError" message="expected [Incorrect email or password.] but found [Incorrect email or te password.]">
      <![CDATA[java.lang.AssertionError: expected [Incorrect email or password.] but found [Incorrect email or te password.]
at Nagalearning.Tests.Errorvalidation.loginErrorValidation(Errorvalidation.java:34)
... Removed 31 stack frames]]>
    </failure>
  </testcase> <!-- loginErrorValidation -->
  <testcase name="productValidation" time="13.785" classname="Nagalearning.Tests.Errorvalidation"/>
</testsuite> <!-- errorvalidation -->
