<?xml version="1.0" encoding="UTF-8"?>
<!-- Generated by org.testng.reporters.JUnitXMLReporter -->
<testsuite hostname="INBGL1WLX47657" ignored="0" name="Test" tests="3" failures="0" timestamp="03 Aug 2024 15:10:51 GMT" time="419.395" errors="0">
  <testcase name="loginErrorValidation" time="0.633" classname="Nagalearning.Tests.Errorvalidation"/>
  <testcase name="productValidation" time="13.549" classname="Nagalearning.Tests.Errorvalidation"/>
  <testcase name="SubmitOrder" time="14.231" classname="Nagalearning.Tests.SubmitOrder"/>
</testsuite> <!-- Test -->
